<?xml version="1.0" encoding="UTF-8"?>
<!-- Generated by org.testng.reporters.JUnitReportReporter -->
<testsuite skipped="0" hostname="LAPTOP-9R4H18SQ" name="com.qa.hubspot.test.ContactsPageTest" tests="4" failures="0" timestamp="16 May 2019 22:32:38 GMT" time="346.234" errors="0">
  <testcase name="testCreateContacts" time="74.446" classname="com.qa.hubspot.test.ContactsPageTest"/>
  <testcase name="testCreateContacts" time="82.037" classname="com.qa.hubspot.test.ContactsPageTest"/>
  <testcase name="testCreateContacts" time="64.040" classname="com.qa.hubspot.test.ContactsPageTest"/>
  <testcase name="testCreateContacts" time="125.711" classname="com.qa.hubspot.test.ContactsPageTest"/>
</testsuite> <!-- com.qa.hubspot.test.ContactsPageTest -->
