<?xml version="1.0" encoding="UTF-8"?>
<!-- Generated by org.testng.reporters.JUnitReportReporter -->
<testsuite skipped="0" hostname="LAPTOP-9R4H18SQ" name="com.qa.hubspot.test.ContactsTest" tests="4" failures="0" timestamp="15 May 2019 10:22:16 GMT" time="377.274" errors="0">
  <testcase name="testCreateContacts" time="69.819" classname="com.qa.hubspot.test.ContactsTest"/>
  <testcase name="testCreateContacts" time="82.719" classname="com.qa.hubspot.test.ContactsTest"/>
  <testcase name="testCreateContacts" time="102.688" classname="com.qa.hubspot.test.ContactsTest"/>
  <testcase name="testCreateContacts" time="122.048" classname="com.qa.hubspot.test.ContactsTest"/>
</testsuite> <!-- com.qa.hubspot.test.ContactsTest -->
