<?xml version="1.0" encoding="UTF-8"?>
<!-- Generated by org.testng.reporters.JUnitReportReporter -->
<testsuite skipped="0" hostname="LAPTOP-9R4H18SQ" name="com.qa.hubspot.test.HomePageTest" tests="4" failures="0" timestamp="14 May 2019 19:40:06 GMT" time="197.130" errors="0">
  <testcase name="homePageTitleTest" time="44.321" classname="com.qa.hubspot.test.HomePageTest"/>
  <testcase name="homePageHeaderTest" time="43.224" classname="com.qa.hubspot.test.HomePageTest"/>
  <testcase name="homePageShareDDTest" time="54.090" classname="com.qa.hubspot.test.HomePageTest"/>
  <testcase name="homePageContactsTabTest" time="55.495" classname="com.qa.hubspot.test.HomePageTest"/>
</testsuite> <!-- com.qa.hubspot.test.HomePageTest -->
