<?xml version="1.0" encoding="UTF-8"?>
<!-- Generated by org.testng.reporters.JUnitReportReporter -->
<testsuite skipped="0" hostname="LAPTOP-9R4H18SQ" name="com.qa.hubspot.test.LoginTest" tests="3" failures="0" timestamp="14 May 2019 18:45:43 GMT" time="136.380" errors="0">
  <testcase name="titleTest" time="36.228" classname="com.qa.hubspot.test.LoginTest"/>
  <testcase name="signUpLinkTest" time="27.128" classname="com.qa.hubspot.test.LoginTest"/>
  <testcase name="loginTest" time="73.024" classname="com.qa.hubspot.test.LoginTest"/>
</testsuite> <!-- com.qa.hubspot.test.LoginTest -->
