<?xml version="1.0" encoding="UTF-8"?>
<!-- Generated by org.testng.reporters.JUnitReportReporter -->
<testsuite skipped="0" hostname="LAPTOP-9R4H18SQ" name="com.qa.hubspot.test.LoginTest" tests="3" failures="0" timestamp="16 May 2019 22:09:03 GMT" time="89.420" errors="0">
  <testcase name="titleTest" time="25.403" classname="com.qa.hubspot.test.LoginTest"/>
  <testcase name="signUpLinkTest" time="41.354" classname="com.qa.hubspot.test.LoginTest"/>
  <testcase name="loginTest" time="22.663" classname="com.qa.hubspot.test.LoginTest"/>
</testsuite> <!-- com.qa.hubspot.test.LoginTest -->
